<?xml version="1.0" encoding="UTF-8"?>
<!-- Generated by org.testng.reporters.JUnitReportReporter -->
<testsuite hostname="dkothapalli-pc" failures="0" tests="1" name="testNG.FBLogin" time="8.677" errors="0" timestamp="2022-12-07T14:04:54 EST" skipped="0">
  <testcase classname="testNG.FBLogin" name="f" time="8.677"/>
  <system-out/>
</testsuite> <!-- testNG.FBLogin -->
