<?xml version="1.0" encoding="UTF-8"?>
<!-- Generated by org.testng.reporters.JUnitReportReporter -->
<testsuite hostname="dkothapalli-pc" failures="0" tests="1" name="testNG.TTDAnnotations" time="14.291" errors="0" timestamp="2022-12-01T12:16:45 EST" skipped="0">
  <testcase classname="testNG.TTDAnnotations" name="f" time="14.291"/>
  <system-out/>
</testsuite> <!-- testNG.TTDAnnotations -->
