<?xml version="1.0" encoding="UTF-8"?>
<!-- Generated by org.testng.reporters.JUnitReportReporter -->
<testsuite hostname="dkothapalli-pc" failures="0" tests="1" name="testNG.TimeSample" time="15.631" errors="0" timestamp="2022-12-06T14:20:02 EST" skipped="0">
  <testcase classname="testNG.TimeSample" name="f" time="15.631"/>
  <system-out/>
</testsuite> <!-- testNG.TimeSample -->
